This file contains any messages produced by compilers while
running configure, to aid debugging if configure makes a mistake.

It was created by HTS configure 2.3 alpha, which was
generated by GNU Autoconf 2.63.  Invocation command line was

  $ ./configure --prefix=/Volumes/Storage/.workspace/merlin/tools/htk/build

## --------- ##
## Platform. ##
## --------- ##

hostname = Labguests-iMac-2.local
uname -m = x86_64
uname -r = 21.6.0
uname -s = Darwin
uname -v = Darwin Kernel Version 21.6.0: Sat Jun 18 17:07:25 PDT 2022; root:xnu-8020.140.41~1/RELEASE_X86_64

/usr/bin/uname -p = i386
/bin/uname -X     = unknown

/bin/arch              = unknown
/usr/bin/arch -k       = unknown
/usr/convex/getsysinfo = unknown
/usr/bin/hostinfo      = Mach kernel version:
	 Darwin Kernel Version 21.6.0: Sat Jun 18 17:07:25 PDT 2022; root:xnu-8020.140.41~1/RELEASE_X86_64
Kernel configured for up to 16 processors.
8 processors are physically available.
16 processors are logically available.
Processor type: x86_64h (Intel x86-64h Haswell)
Processors active: 0 1 2 3 4 5 6 7 8 9 10 11 12 13 14 15
Primary memory available: 64.00 gigabytes
Default processor set: 529 tasks, 2012 threads, 16 processors
Load average: 1.38, Mach factor: 14.61
/bin/machine           = unknown
/usr/bin/oslevel       = unknown
/bin/universe          = unknown

PATH: /usr/local/opt/gawk/libexec/gnubin
PATH: /usr/local/opt/gnu-sed/libexec/gnubin
PATH: /usr/local/opt/gawk/libexec/gnubin
PATH: /usr/local/opt/gnu-sed/libexec/gnubin
PATH: /Users/labguest/miniconda3/envs/merlin/bin
PATH: /Users/labguest/miniconda3/condabin
PATH: /usr/local/bin
PATH: /usr/local/sbin
PATH: /Library/Frameworks/Python.framework/Versions/3.10/bin
PATH: /usr/local/opt/gnu-sed/libexec/gnubin
PATH: /usr/local/bin
PATH: /usr/bin
PATH: /bin
PATH: /usr/sbin
PATH: /sbin
PATH: /Library/Apple/usr/bin
PATH: /Users/labguest/.vscode-server/bin/74f6148eb9ea00507ec113ec51c489d6ffb4b771/bin/remote-cli
PATH: /usr/local/sbin
PATH: /Library/Frameworks/Python.framework/Versions/3.10/bin
PATH: /opt/gnu-sed/libexec/gnubin


## ----------- ##
## Core tests. ##
## ----------- ##

configure:1875: checking whether make sets $(MAKE)
configure:1897: result: yes
configure:1910: checking for gawk
configure:1926: found /usr/local/bin/gawk
configure:1937: result: gawk
configure:1996: checking for gcc
configure:2012: found /usr/bin/gcc
configure:2023: result: gcc
configure:2255: checking for C compiler version
configure:2263: gcc --version >&5
Apple clang version 14.0.0 (clang-1400.0.29.202)
Target: x86_64-apple-darwin21.6.0
Thread model: posix
InstalledDir: /Library/Developer/CommandLineTools/usr/bin
configure:2267: $? = 0
configure:2274: gcc -v >&5
Apple clang version 14.0.0 (clang-1400.0.29.202)
Target: x86_64-apple-darwin21.6.0
Thread model: posix
InstalledDir: /Library/Developer/CommandLineTools/usr/bin
configure:2278: $? = 0
configure:2285: gcc -V >&5
clang: error: argument to '-V' is missing (expected 1 value)
clang: error: no input files
configure:2289: $? = 1
configure:2312: checking for C compiler default output file name
configure:2334: gcc    conftest.c  >&5
configure:2338: $? = 0
configure:2376: result: a.out
configure:2395: checking whether the C compiler works
configure:2405: ./a.out
configure:2409: $? = 0
configure:2428: result: yes
configure:2435: checking whether we are cross compiling
configure:2437: result: no
configure:2440: checking for suffix of executables
configure:2447: gcc -o conftest    conftest.c  >&5
configure:2451: $? = 0
configure:2477: result: 
configure:2483: checking for suffix of object files
configure:2509: gcc -c   conftest.c >&5
configure:2513: $? = 0
configure:2538: result: o
configure:2542: checking whether we are using the GNU C compiler
configure:2571: gcc -c   conftest.c >&5
configure:2578: $? = 0
configure:2595: result: yes
configure:2604: checking whether gcc accepts -g
configure:2634: gcc -c -g  conftest.c >&5
configure:2641: $? = 0
configure:2742: result: yes
configure:2759: checking for gcc option to accept ISO C89
configure:2833: gcc  -c -g -O2  conftest.c >&5
configure:2840: $? = 0
configure:2863: result: none needed
configure:2926: checking for a BSD-compatible install
configure:2993: result: /usr/local/bin/ginstall -c
configure:3004: checking whether ln -s works
configure:3008: result: yes
configure:3058: checking for ranlib
configure:3074: found /usr/bin/ranlib
configure:3085: result: ranlib
configure:3154: checking for ar
configure:3170: found /usr/bin/ar
configure:3181: result: ar
configure:3206: checking for main in -lX11
configure:3235: gcc -o conftest -g -O2   conftest.c -lX11   >&5
ld: library not found for -lX11
clang: error: linker command failed with exit code 1 (use -v to see invocation)
configure:3242: $? = 1
configure: failed program was:
| /* confdefs.h.  */
| #define PACKAGE_NAME "HTS"
| #define PACKAGE_TARNAME "hts"
| #define PACKAGE_VERSION "2.3 alpha"
| #define PACKAGE_STRING "HTS 2.3 alpha"
| #define PACKAGE_BUGREPORT "hts-users@sp.nitech.ac.jp"
| /* end confdefs.h.  */
| 
| 
| int
| main ()
| {
| return main ();
|   ;
|   return 0;
| }
configure:3263: result: no
configure:3275: checking for main in -lm
configure:3304: gcc -o conftest -g -O2   conftest.c -lm   >&5
configure:3311: $? = 0
configure:3332: result: yes
configure:3401: checking for g77
configure:3431: result: no
configure:3401: checking for xlf
configure:3431: result: no
configure:3401: checking for f77
configure:3431: result: no
configure:3401: checking for frt
configure:3431: result: no
configure:3401: checking for pgf77
configure:3431: result: no
configure:3401: checking for cf77
configure:3431: result: no
configure:3401: checking for fort77
configure:3431: result: no
configure:3401: checking for fl32
configure:3431: result: no
configure:3401: checking for af77
configure:3431: result: no
configure:3401: checking for xlf90
configure:3431: result: no
configure:3401: checking for f90
configure:3431: result: no
configure:3401: checking for pgf90
configure:3431: result: no
configure:3401: checking for pghpf
configure:3431: result: no
configure:3401: checking for epcf90
configure:3431: result: no
configure:3401: checking for gfortran
configure:3431: result: no
configure:3401: checking for g95
configure:3431: result: no
configure:3401: checking for xlf95
configure:3431: result: no
configure:3401: checking for f95
configure:3431: result: no
configure:3401: checking for fort
configure:3431: result: no
configure:3401: checking for ifort
configure:3431: result: no
configure:3401: checking for ifc
configure:3431: result: no
configure:3401: checking for efc
configure:3431: result: no
configure:3401: checking for pgf95
configure:3431: result: no
configure:3401: checking for lf95
configure:3431: result: no
configure:3401: checking for ftn
configure:3431: result: no
configure:3454: checking for Fortran 77 compiler version
configure:3462:  --version >&5
./configure: line 3464: --version: command not found
configure:3466: $? = 127
configure:3473:  -v >&5
./configure: line 3475: -v: command not found
configure:3477: $? = 127
configure:3484:  -V >&5
./configure: line 3486: -V: command not found
configure:3488: $? = 127
configure:3496: checking whether we are using the GNU Fortran 77 compiler
configure:3515:  -c  conftest.F >&5
./configure: line 3517: -c: command not found
configure:3522: $? = 127
configure: failed program was:
|       program main
| #ifndef __GNUC__
|        choke me
| #endif
| 
|       end
configure:3539: result: no
configure:3545: checking whether  accepts -g
configure:3562:  -c -g conftest.f >&5
./configure: line 3564: -c: command not found
configure:3569: $? = 127
configure: failed program was:
|       program main
| 
|       end
configure:3585: result: no
configure:3965: checking how to run the C preprocessor
configure:4005: gcc -E  conftest.c
configure:4012: $? = 0
configure:4043: gcc -E  conftest.c
conftest.c:9:10: fatal error: 'ac_nonexistent.h' file not found
#include <ac_nonexistent.h>
         ^~~~~~~~~~~~~~~~~~
1 error generated.
configure:4050: $? = 1
configure: failed program was:
| /* confdefs.h.  */
| #define PACKAGE_NAME "HTS"
| #define PACKAGE_TARNAME "hts"
| #define PACKAGE_VERSION "2.3 alpha"
| #define PACKAGE_STRING "HTS 2.3 alpha"
| #define PACKAGE_BUGREPORT "hts-users@sp.nitech.ac.jp"
| #define HAVE_LIBM 1
| /* end confdefs.h.  */
| #include <ac_nonexistent.h>
configure:4083: result: gcc -E
configure:4112: gcc -E  conftest.c
configure:4119: $? = 0
configure:4150: gcc -E  conftest.c
conftest.c:9:10: fatal error: 'ac_nonexistent.h' file not found
#include <ac_nonexistent.h>
         ^~~~~~~~~~~~~~~~~~
1 error generated.
configure:4157: $? = 1
configure: failed program was:
| /* confdefs.h.  */
| #define PACKAGE_NAME "HTS"
| #define PACKAGE_TARNAME "hts"
| #define PACKAGE_VERSION "2.3 alpha"
| #define PACKAGE_STRING "HTS 2.3 alpha"
| #define PACKAGE_BUGREPORT "hts-users@sp.nitech.ac.jp"
| #define HAVE_LIBM 1
| /* end confdefs.h.  */
| #include <ac_nonexistent.h>
configure:4197: checking for X
configure:4312: gcc -E  conftest.c
conftest.c:9:10: fatal error: 'X11/Xlib.h' file not found
#include <X11/Xlib.h>
         ^~~~~~~~~~~~
1 error generated.
configure:4319: $? = 1
configure: failed program was:
| /* confdefs.h.  */
| #define PACKAGE_NAME "HTS"
| #define PACKAGE_TARNAME "hts"
| #define PACKAGE_VERSION "2.3 alpha"
| #define PACKAGE_STRING "HTS 2.3 alpha"
| #define PACKAGE_BUGREPORT "hts-users@sp.nitech.ac.jp"
| #define HAVE_LIBM 1
| /* end confdefs.h.  */
| #include <X11/Xlib.h>
configure:4368: gcc -o conftest -g -O2   conftest.c -lX11 -lm  >&5
conftest.c:9:10: fatal error: 'X11/Xlib.h' file not found
#include <X11/Xlib.h>
         ^~~~~~~~~~~~
1 error generated.
configure:4375: $? = 1
configure: failed program was:
| /* confdefs.h.  */
| #define PACKAGE_NAME "HTS"
| #define PACKAGE_TARNAME "hts"
| #define PACKAGE_VERSION "2.3 alpha"
| #define PACKAGE_STRING "HTS 2.3 alpha"
| #define PACKAGE_BUGREPORT "hts-users@sp.nitech.ac.jp"
| #define HAVE_LIBM 1
| /* end confdefs.h.  */
| #include <X11/Xlib.h>
| int
| main ()
| {
| XrmInitialize ()
|   ;
|   return 0;
| }
configure:4426: result: no
configure:4441: checking for grep that handles long lines and -e
configure:4502: result: /usr/bin/grep
configure:4507: checking for egrep
configure:4572: result: /usr/bin/grep -E
configure:4577: checking for ANSI C header files
configure:4607: gcc -c -g -O2  conftest.c >&5
configure:4614: $? = 0
configure:4713: gcc -o conftest -g -O2   conftest.c -lm  >&5
configure:4717: $? = 0
configure:4723: ./conftest
configure:4727: $? = 0
configure:4745: result: yes
configure:4769: checking for sys/types.h
configure:4790: gcc -c -g -O2  conftest.c >&5
configure:4797: $? = 0
configure:4814: result: yes
configure:4769: checking for sys/stat.h
configure:4790: gcc -c -g -O2  conftest.c >&5
configure:4797: $? = 0
configure:4814: result: yes
configure:4769: checking for stdlib.h
configure:4790: gcc -c -g -O2  conftest.c >&5
configure:4797: $? = 0
configure:4814: result: yes
configure:4769: checking for string.h
configure:4790: gcc -c -g -O2  conftest.c >&5
configure:4797: $? = 0
configure:4814: result: yes
configure:4769: checking for memory.h
configure:4790: gcc -c -g -O2  conftest.c >&5
configure:4797: $? = 0
configure:4814: result: yes
configure:4769: checking for strings.h
configure:4790: gcc -c -g -O2  conftest.c >&5
configure:4797: $? = 0
configure:4814: result: yes
configure:4769: checking for inttypes.h
configure:4790: gcc -c -g -O2  conftest.c >&5
configure:4797: $? = 0
configure:4814: result: yes
configure:4769: checking for stdint.h
configure:4790: gcc -c -g -O2  conftest.c >&5
configure:4797: $? = 0
configure:4814: result: yes
configure:4769: checking for unistd.h
configure:4790: gcc -c -g -O2  conftest.c >&5
configure:4797: $? = 0
configure:4814: result: yes
configure:4855: checking errno.h usability
configure:4872: gcc -c -g -O2  conftest.c >&5
configure:4879: $? = 0
configure:4893: result: yes
configure:4897: checking errno.h presence
configure:4912: gcc -E  conftest.c
configure:4919: $? = 0
configure:4933: result: yes
configure:4966: checking for errno.h
configure:4975: result: yes
configure:4855: checking fcntl.h usability
configure:4872: gcc -c -g -O2  conftest.c >&5
configure:4879: $? = 0
configure:4893: result: yes
configure:4897: checking fcntl.h presence
configure:4912: gcc -E  conftest.c
configure:4919: $? = 0
configure:4933: result: yes
configure:4966: checking for fcntl.h
configure:4975: result: yes
configure:4855: checking float.h usability
configure:4872: gcc -c -g -O2  conftest.c >&5
configure:4879: $? = 0
configure:4893: result: yes
configure:4897: checking float.h presence
configure:4912: gcc -E  conftest.c
configure:4919: $? = 0
configure:4933: result: yes
configure:4966: checking for float.h
configure:4975: result: yes
configure:4855: checking limits.h usability
configure:4872: gcc -c -g -O2  conftest.c >&5
configure:4879: $? = 0
configure:4893: result: yes
configure:4897: checking limits.h presence
configure:4912: gcc -E  conftest.c
configure:4919: $? = 0
configure:4933: result: yes
configure:4966: checking for limits.h
configure:4975: result: yes
configure:4855: checking malloc.h usability
configure:4872: gcc -c -g -O2  conftest.c >&5
conftest.c:56:10: fatal error: 'malloc.h' file not found
#include <malloc.h>
         ^~~~~~~~~~
1 error generated.
configure:4879: $? = 1
configure: failed program was:
| /* confdefs.h.  */
| #define PACKAGE_NAME "HTS"
| #define PACKAGE_TARNAME "hts"
| #define PACKAGE_VERSION "2.3 alpha"
| #define PACKAGE_STRING "HTS 2.3 alpha"
| #define PACKAGE_BUGREPORT "hts-users@sp.nitech.ac.jp"
| #define HAVE_LIBM 1
| #define STDC_HEADERS 1
| #define HAVE_SYS_TYPES_H 1
| #define HAVE_SYS_STAT_H 1
| #define HAVE_STDLIB_H 1
| #define HAVE_STRING_H 1
| #define HAVE_MEMORY_H 1
| #define HAVE_STRINGS_H 1
| #define HAVE_INTTYPES_H 1
| #define HAVE_STDINT_H 1
| #define HAVE_UNISTD_H 1
| #define HAVE_ERRNO_H 1
| #define HAVE_FCNTL_H 1
| #define HAVE_FLOAT_H 1
| #define HAVE_LIMITS_H 1
| /* end confdefs.h.  */
| #include <stdio.h>
| #ifdef HAVE_SYS_TYPES_H
| # include <sys/types.h>
| #endif
| #ifdef HAVE_SYS_STAT_H
| # include <sys/stat.h>
| #endif
| #ifdef STDC_HEADERS
| # include <stdlib.h>
| # include <stddef.h>
| #else
| # ifdef HAVE_STDLIB_H
| #  include <stdlib.h>
| # endif
| #endif
| #ifdef HAVE_STRING_H
| # if !defined STDC_HEADERS && defined HAVE_MEMORY_H
| #  include <memory.h>
| # endif
| # include <string.h>
| #endif
| #ifdef HAVE_STRINGS_H
| # include <strings.h>
| #endif
| #ifdef HAVE_INTTYPES_H
| # include <inttypes.h>
| #endif
| #ifdef HAVE_STDINT_H
| # include <stdint.h>
| #endif
| #ifdef HAVE_UNISTD_H
| # include <unistd.h>
| #endif
| #include <malloc.h>
configure:4893: result: no
configure:4897: checking malloc.h presence
configure:4912: gcc -E  conftest.c
conftest.c:23:10: fatal error: 'malloc.h' file not found
#include <malloc.h>
         ^~~~~~~~~~
1 error generated.
configure:4919: $? = 1
configure: failed program was:
| /* confdefs.h.  */
| #define PACKAGE_NAME "HTS"
| #define PACKAGE_TARNAME "hts"
| #define PACKAGE_VERSION "2.3 alpha"
| #define PACKAGE_STRING "HTS 2.3 alpha"
| #define PACKAGE_BUGREPORT "hts-users@sp.nitech.ac.jp"
| #define HAVE_LIBM 1
| #define STDC_HEADERS 1
| #define HAVE_SYS_TYPES_H 1
| #define HAVE_SYS_STAT_H 1
| #define HAVE_STDLIB_H 1
| #define HAVE_STRING_H 1
| #define HAVE_MEMORY_H 1
| #define HAVE_STRINGS_H 1
| #define HAVE_INTTYPES_H 1
| #define HAVE_STDINT_H 1
| #define HAVE_UNISTD_H 1
| #define HAVE_ERRNO_H 1
| #define HAVE_FCNTL_H 1
| #define HAVE_FLOAT_H 1
| #define HAVE_LIMITS_H 1
| /* end confdefs.h.  */
| #include <malloc.h>
configure:4933: result: no
configure:4966: checking for malloc.h
configure:4975: result: no
configure:4844: checking for memory.h
configure:4851: result: yes
configure:4844: checking for stdlib.h
configure:4851: result: yes
configure:4844: checking for string.h
configure:4851: result: yes
configure:4855: checking sys/ioctl.h usability
configure:4872: gcc -c -g -O2  conftest.c >&5
configure:4879: $? = 0
configure:4893: result: yes
configure:4897: checking sys/ioctl.h presence
configure:4912: gcc -E  conftest.c
configure:4919: $? = 0
configure:4933: result: yes
configure:4966: checking for sys/ioctl.h
configure:4975: result: yes
configure:4855: checking sys/socket.h usability
configure:4872: gcc -c -g -O2  conftest.c >&5
configure:4879: $? = 0
configure:4893: result: yes
configure:4897: checking sys/socket.h presence
configure:4912: gcc -E  conftest.c
configure:4919: $? = 0
configure:4933: result: yes
configure:4966: checking for sys/socket.h
configure:4975: result: yes
configure:4855: checking sys/time.h usability
configure:4872: gcc -c -g -O2  conftest.c >&5
configure:4879: $? = 0
configure:4893: result: yes
configure:4897: checking sys/time.h presence
configure:4912: gcc -E  conftest.c
configure:4919: $? = 0
configure:4933: result: yes
configure:4966: checking for sys/time.h
configure:4975: result: yes
configure:4844: checking for unistd.h
configure:4851: result: yes
configure:4991: checking for an ANSI C-conforming const
configure:5066: gcc -c -g -O2  conftest.c >&5
configure:5073: $? = 0
configure:5088: result: yes
configure:5098: checking for working volatile
configure:5127: gcc -c -g -O2  conftest.c >&5
configure:5134: $? = 0
configure:5149: result: yes
configure:5159: checking for size_t
configure:5187: gcc -c -g -O2  conftest.c >&5
configure:5194: $? = 0
configure:5221: gcc -c -g -O2  conftest.c >&5
conftest.c:66:21: error: expected expression
if (sizeof ((size_t)))
                    ^
1 error generated.
configure:5228: $? = 1
configure: failed program was:
| /* confdefs.h.  */
| #define PACKAGE_NAME "HTS"
| #define PACKAGE_TARNAME "hts"
| #define PACKAGE_VERSION "2.3 alpha"
| #define PACKAGE_STRING "HTS 2.3 alpha"
| #define PACKAGE_BUGREPORT "hts-users@sp.nitech.ac.jp"
| #define HAVE_LIBM 1
| #define STDC_HEADERS 1
| #define HAVE_SYS_TYPES_H 1
| #define HAVE_SYS_STAT_H 1
| #define HAVE_STDLIB_H 1
| #define HAVE_STRING_H 1
| #define HAVE_MEMORY_H 1
| #define HAVE_STRINGS_H 1
| #define HAVE_INTTYPES_H 1
| #define HAVE_STDINT_H 1
| #define HAVE_UNISTD_H 1
| #define HAVE_ERRNO_H 1
| #define HAVE_FCNTL_H 1
| #define HAVE_FLOAT_H 1
| #define HAVE_LIMITS_H 1
| #define HAVE_MEMORY_H 1
| #define HAVE_STDLIB_H 1
| #define HAVE_STRING_H 1
| #define HAVE_SYS_IOCTL_H 1
| #define HAVE_SYS_SOCKET_H 1
| #define HAVE_SYS_TIME_H 1
| #define HAVE_UNISTD_H 1
| /* end confdefs.h.  */
| #include <stdio.h>
| #ifdef HAVE_SYS_TYPES_H
| # include <sys/types.h>
| #endif
| #ifdef HAVE_SYS_STAT_H
| # include <sys/stat.h>
| #endif
| #ifdef STDC_HEADERS
| # include <stdlib.h>
| # include <stddef.h>
| #else
| # ifdef HAVE_STDLIB_H
| #  include <stdlib.h>
| # endif
| #endif
| #ifdef HAVE_STRING_H
| # if !defined STDC_HEADERS && defined HAVE_MEMORY_H
| #  include <memory.h>
| # endif
| # include <string.h>
| #endif
| #ifdef HAVE_STRINGS_H
| # include <strings.h>
| #endif
| #ifdef HAVE_INTTYPES_H
| # include <inttypes.h>
| #endif
| #ifdef HAVE_STDINT_H
| # include <stdint.h>
| #endif
| #ifdef HAVE_UNISTD_H
| # include <unistd.h>
| #endif
| int
| main ()
| {
| if (sizeof ((size_t)))
| 	  return 0;
|   ;
|   return 0;
| }
configure:5251: result: yes
configure:5263: checking whether time.h and sys/time.h may both be included
configure:5293: gcc -c -g -O2  conftest.c >&5
configure:5300: $? = 0
configure:5315: result: yes
configure:5325: checking whether struct tm is in sys/time.h or time.h
configure:5355: gcc -c -g -O2  conftest.c >&5
configure:5362: $? = 0
configure:5377: result: time.h
configure:5389: checking whether gcc needs -traditional
conftest.c:31:10: fatal error: 'termio.h' file not found
#include <termio.h>
         ^~~~~~~~~~
1 error generated.
configure:5431: result: no
configure:5438: checking for working memcmp
configure:5491: gcc -o conftest -g -O2   conftest.c -lm  >&5
configure:5495: $? = 0
configure:5501: ./conftest
configure:5505: $? = 0
configure:5522: result: yes
configure:5536: checking for stdlib.h
configure:5543: result: yes
configure:5682: checking for GNU libc compatible malloc
configure:5716: gcc -o conftest -g -O2   conftest.c -lm  >&5
configure:5720: $? = 0
configure:5726: ./conftest
configure:5730: $? = 0
configure:5747: result: yes
configure:5780: checking for stdlib.h
configure:5787: result: yes
configure:5926: checking for GNU libc compatible realloc
configure:5960: gcc -o conftest -g -O2   conftest.c -lm  >&5
configure:5964: $? = 0
configure:5970: ./conftest
configure:5974: $? = 0
configure:5991: result: yes
configure:6019: checking for working strtod
configure:6070: gcc -o conftest -g -O2   conftest.c -lm  >&5
configure:6074: $? = 0
configure:6080: ./conftest
configure:6084: $? = 0
configure:6101: result: yes
configure:6273: checking return type of signal handlers
configure:6301: gcc -c -g -O2  conftest.c >&5
conftest.c:41:8: error: indirection requires pointer operand ('void' invalid)
return *(signal (0, 0)) (0) == 1;
       ^~~~~~~~~~~~~~~~~~~~
1 error generated.
configure:6308: $? = 1
configure: failed program was:
| /* confdefs.h.  */
| #define PACKAGE_NAME "HTS"
| #define PACKAGE_TARNAME "hts"
| #define PACKAGE_VERSION "2.3 alpha"
| #define PACKAGE_STRING "HTS 2.3 alpha"
| #define PACKAGE_BUGREPORT "hts-users@sp.nitech.ac.jp"
| #define HAVE_LIBM 1
| #define STDC_HEADERS 1
| #define HAVE_SYS_TYPES_H 1
| #define HAVE_SYS_STAT_H 1
| #define HAVE_STDLIB_H 1
| #define HAVE_STRING_H 1
| #define HAVE_MEMORY_H 1
| #define HAVE_STRINGS_H 1
| #define HAVE_INTTYPES_H 1
| #define HAVE_STDINT_H 1
| #define HAVE_UNISTD_H 1
| #define HAVE_ERRNO_H 1
| #define HAVE_FCNTL_H 1
| #define HAVE_FLOAT_H 1
| #define HAVE_LIMITS_H 1
| #define HAVE_MEMORY_H 1
| #define HAVE_STDLIB_H 1
| #define HAVE_STRING_H 1
| #define HAVE_SYS_IOCTL_H 1
| #define HAVE_SYS_SOCKET_H 1
| #define HAVE_SYS_TIME_H 1
| #define HAVE_UNISTD_H 1
| #define TIME_WITH_SYS_TIME 1
| #define HAVE_STDLIB_H 1
| #define HAVE_MALLOC 1
| #define HAVE_STDLIB_H 1
| #define HAVE_REALLOC 1
| /* end confdefs.h.  */
| #include <sys/types.h>
| #include <signal.h>
| 
| int
| main ()
| {
| return *(signal (0, 0)) (0) == 1;
|   ;
|   return 0;
| }
configure:6323: result: void
configure:6335: checking for vprintf
configure:6391: gcc -o conftest -g -O2   conftest.c -lm  >&5
conftest.c:59:6: warning: incompatible redeclaration of library function 'vprintf' [-Wincompatible-library-redeclaration]
char vprintf ();
     ^
conftest.c:59:6: note: 'vprintf' is a builtin with type 'int (const char *, struct __va_list_tag *)'
1 warning generated.
configure:6398: $? = 0
configure:6420: result: yes
configure:6429: checking for _doprnt
configure:6485: gcc -o conftest -g -O2   conftest.c -lm  >&5
Undefined symbols for architecture x86_64:
  "__doprnt", referenced from:
      _main in conftest-2d429a.o
ld: symbol(s) not found for architecture x86_64
clang: error: linker command failed with exit code 1 (use -v to see invocation)
configure:6492: $? = 1
configure: failed program was:
| /* confdefs.h.  */
| #define PACKAGE_NAME "HTS"
| #define PACKAGE_TARNAME "hts"
| #define PACKAGE_VERSION "2.3 alpha"
| #define PACKAGE_STRING "HTS 2.3 alpha"
| #define PACKAGE_BUGREPORT "hts-users@sp.nitech.ac.jp"
| #define HAVE_LIBM 1
| #define STDC_HEADERS 1
| #define HAVE_SYS_TYPES_H 1
| #define HAVE_SYS_STAT_H 1
| #define HAVE_STDLIB_H 1
| #define HAVE_STRING_H 1
| #define HAVE_MEMORY_H 1
| #define HAVE_STRINGS_H 1
| #define HAVE_INTTYPES_H 1
| #define HAVE_STDINT_H 1
| #define HAVE_UNISTD_H 1
| #define HAVE_ERRNO_H 1
| #define HAVE_FCNTL_H 1
| #define HAVE_FLOAT_H 1
| #define HAVE_LIMITS_H 1
| #define HAVE_MEMORY_H 1
| #define HAVE_STDLIB_H 1
| #define HAVE_STRING_H 1
| #define HAVE_SYS_IOCTL_H 1
| #define HAVE_SYS_SOCKET_H 1
| #define HAVE_SYS_TIME_H 1
| #define HAVE_UNISTD_H 1
| #define TIME_WITH_SYS_TIME 1
| #define HAVE_STDLIB_H 1
| #define HAVE_MALLOC 1
| #define HAVE_STDLIB_H 1
| #define HAVE_REALLOC 1
| #define RETSIGTYPE void
| #define HAVE_VPRINTF 1
| /* end confdefs.h.  */
| /* Define _doprnt to an innocuous variant, in case <limits.h> declares _doprnt.
|    For example, HP-UX 11i <limits.h> declares gettimeofday.  */
| #define _doprnt innocuous__doprnt
| 
| /* System header to define __stub macros and hopefully few prototypes,
|     which can conflict with char _doprnt (); below.
|     Prefer <limits.h> to <assert.h> if __STDC__ is defined, since
|     <limits.h> exists even on freestanding compilers.  */
| 
| #ifdef __STDC__
| # include <limits.h>
| #else
| # include <assert.h>
| #endif
| 
| #undef _doprnt
| 
| /* Override any GCC internal prototype to avoid an error.
|    Use char because int might match the return type of a GCC
|    builtin and then its argument prototype would still apply.  */
| #ifdef __cplusplus
| extern "C"
| #endif
| char _doprnt ();
| /* The GNU C library defines this for functions which it implements
|     to always fail with ENOSYS.  Some functions are actually named
|     something starting with __ and the normal name is an alias.  */
| #if defined __stub__doprnt || defined __stub____doprnt
| choke me
| #endif
| 
| int
| main ()
| {
| return _doprnt ();
|   ;
|   return 0;
| }
configure:6512: result: no
configure:6526: checking for stdbool.h that conforms to C99
configure:6621: gcc -c -g -O2  conftest.c >&5
conftest.c:64:12: warning: address of 's' will always evaluate to 'true' [-Wpointer-bool-conversion]
        bool e = &s;
             ~    ^
conftest.c:109:21: warning: address of array 'p' will always evaluate to 'true' [-Wpointer-bool-conversion]
                                 ~^
conftest.c:109:16: warning: address of array 'o' will always evaluate to 'true' [-Wpointer-bool-conversion]
                            ~^
conftest.c:109:11: warning: address of array 'n' will always evaluate to 'true' [-Wpointer-bool-conversion]
                       ~^
conftest.c:108:51: warning: address of array 'i' will always evaluate to 'true' [-Wpointer-bool-conversion]
        return (!a + !b + !c + !d + !e + !f + !g + !h + !i + !!j + !k + !!l
                                                        ~^
conftest.c:108:46: warning: address of array 'h' will always evaluate to 'true' [-Wpointer-bool-conversion]
        return (!a + !b + !c + !d + !e + !f + !g + !h + !i + !!j + !k + !!l
                                                   ~^
conftest.c:108:41: warning: address of array 'g' will always evaluate to 'true' [-Wpointer-bool-conversion]
        return (!a + !b + !c + !d + !e + !f + !g + !h + !i + !!j + !k + !!l
                                              ~^
conftest.c:108:36: warning: address of array 'f' will always evaluate to 'true' [-Wpointer-bool-conversion]
        return (!a + !b + !c + !d + !e + !f + !g + !h + !i + !!j + !k + !!l
                                         ~^
conftest.c:108:26: warning: address of array 'd' will always evaluate to 'true' [-Wpointer-bool-conversion]
        return (!a + !b + !c + !d + !e + !f + !g + !h + !i + !!j + !k + !!l
                               ~^
conftest.c:108:21: warning: address of array 'c' will always evaluate to 'true' [-Wpointer-bool-conversion]
        return (!a + !b + !c + !d + !e + !f + !g + !h + !i + !!j + !k + !!l
                          ~^
conftest.c:108:16: warning: address of array 'b' will always evaluate to 'true' [-Wpointer-bool-conversion]
        return (!a + !b + !c + !d + !e + !f + !g + !h + !i + !!j + !k + !!l
                     ~^
conftest.c:108:11: warning: address of array 'a' will always evaluate to 'true' [-Wpointer-bool-conversion]
        return (!a + !b + !c + !d + !e + !f + !g + !h + !i + !!j + !k + !!l
                ~^
12 warnings generated.
configure:6628: $? = 0
configure:6643: result: yes
configure:6645: checking for _Bool
configure:6673: gcc -c -g -O2  conftest.c >&5
configure:6680: $? = 0
configure:6707: gcc -c -g -O2  conftest.c >&5
conftest.c:73:20: error: expected expression
if (sizeof ((_Bool)))
                   ^
1 error generated.
configure:6714: $? = 1
configure: failed program was:
| /* confdefs.h.  */
| #define PACKAGE_NAME "HTS"
| #define PACKAGE_TARNAME "hts"
| #define PACKAGE_VERSION "2.3 alpha"
| #define PACKAGE_STRING "HTS 2.3 alpha"
| #define PACKAGE_BUGREPORT "hts-users@sp.nitech.ac.jp"
| #define HAVE_LIBM 1
| #define STDC_HEADERS 1
| #define HAVE_SYS_TYPES_H 1
| #define HAVE_SYS_STAT_H 1
| #define HAVE_STDLIB_H 1
| #define HAVE_STRING_H 1
| #define HAVE_MEMORY_H 1
| #define HAVE_STRINGS_H 1
| #define HAVE_INTTYPES_H 1
| #define HAVE_STDINT_H 1
| #define HAVE_UNISTD_H 1
| #define HAVE_ERRNO_H 1
| #define HAVE_FCNTL_H 1
| #define HAVE_FLOAT_H 1
| #define HAVE_LIMITS_H 1
| #define HAVE_MEMORY_H 1
| #define HAVE_STDLIB_H 1
| #define HAVE_STRING_H 1
| #define HAVE_SYS_IOCTL_H 1
| #define HAVE_SYS_SOCKET_H 1
| #define HAVE_SYS_TIME_H 1
| #define HAVE_UNISTD_H 1
| #define TIME_WITH_SYS_TIME 1
| #define HAVE_STDLIB_H 1
| #define HAVE_MALLOC 1
| #define HAVE_STDLIB_H 1
| #define HAVE_REALLOC 1
| #define RETSIGTYPE void
| #define HAVE_VPRINTF 1
| /* end confdefs.h.  */
| #include <stdio.h>
| #ifdef HAVE_SYS_TYPES_H
| # include <sys/types.h>
| #endif
| #ifdef HAVE_SYS_STAT_H
| # include <sys/stat.h>
| #endif
| #ifdef STDC_HEADERS
| # include <stdlib.h>
| # include <stddef.h>
| #else
| # ifdef HAVE_STDLIB_H
| #  include <stdlib.h>
| # endif
| #endif
| #ifdef HAVE_STRING_H
| # if !defined STDC_HEADERS && defined HAVE_MEMORY_H
| #  include <memory.h>
| # endif
| # include <string.h>
| #endif
| #ifdef HAVE_STRINGS_H
| # include <strings.h>
| #endif
| #ifdef HAVE_INTTYPES_H
| # include <inttypes.h>
| #endif
| #ifdef HAVE_STDINT_H
| # include <stdint.h>
| #endif
| #ifdef HAVE_UNISTD_H
| # include <unistd.h>
| #endif
| int
| main ()
| {
| if (sizeof ((_Bool)))
| 	  return 0;
|   ;
|   return 0;
| }
configure:6737: result: yes
configure:6773: checking for floor
configure:6829: gcc -o conftest -g -O2   conftest.c -lm  >&5
conftest.c:62:6: warning: incompatible redeclaration of library function 'floor' [-Wincompatible-library-redeclaration]
char floor ();
     ^
conftest.c:62:6: note: 'floor' is a builtin with type 'double (double)'
1 warning generated.
configure:6836: $? = 0
configure:6858: result: yes
configure:6773: checking for gettimeofday
configure:6829: gcc -o conftest -g -O2   conftest.c -lm  >&5
configure:6836: $? = 0
configure:6858: result: yes
configure:6773: checking for memmove
configure:6829: gcc -o conftest -g -O2   conftest.c -lm  >&5
conftest.c:64:6: warning: incompatible redeclaration of library function 'memmove' [-Wincompatible-library-redeclaration]
char memmove ();
     ^
conftest.c:64:6: note: 'memmove' is a builtin with type 'void *(void *, const void *, unsigned long)'
1 warning generated.
configure:6836: $? = 0
configure:6858: result: yes
configure:6773: checking for memset
configure:6829: gcc -o conftest -g -O2   conftest.c -lm  >&5
conftest.c:65:6: warning: incompatible redeclaration of library function 'memset' [-Wincompatible-library-redeclaration]
char memset ();
     ^
conftest.c:65:6: note: 'memset' is a builtin with type 'void *(void *, int, unsigned long)'
1 warning generated.
configure:6836: $? = 0
configure:6858: result: yes
configure:6773: checking for modf
configure:6829: gcc -o conftest -g -O2   conftest.c -lm  >&5
conftest.c:66:6: warning: incompatible redeclaration of library function 'modf' [-Wincompatible-library-redeclaration]
char modf ();
     ^
conftest.c:66:6: note: 'modf' is a builtin with type 'double (double, double *)'
1 warning generated.
configure:6836: $? = 0
configure:6858: result: yes
configure:6773: checking for pow
configure:6829: gcc -o conftest -g -O2   conftest.c -lm  >&5
conftest.c:67:6: warning: incompatible redeclaration of library function 'pow' [-Wincompatible-library-redeclaration]
char pow ();
     ^
conftest.c:67:6: note: 'pow' is a builtin with type 'double (double, double)'
1 warning generated.
configure:6836: $? = 0
configure:6858: result: yes
configure:6773: checking for socket
configure:6829: gcc -o conftest -g -O2   conftest.c -lm  >&5
configure:6836: $? = 0
configure:6858: result: yes
configure:6773: checking for sqrt
configure:6829: gcc -o conftest -g -O2   conftest.c -lm  >&5
conftest.c:69:6: warning: incompatible redeclaration of library function 'sqrt' [-Wincompatible-library-redeclaration]
char sqrt ();
     ^
conftest.c:69:6: note: 'sqrt' is a builtin with type 'double (double)'
1 warning generated.
configure:6836: $? = 0
configure:6858: result: yes
configure:6773: checking for strchr
configure:6829: gcc -o conftest -g -O2   conftest.c -lm  >&5
conftest.c:70:6: warning: incompatible redeclaration of library function 'strchr' [-Wincompatible-library-redeclaration]
char strchr ();
     ^
conftest.c:70:6: note: 'strchr' is a builtin with type 'char *(const char *, int)'
1 warning generated.
configure:6836: $? = 0
configure:6858: result: yes
configure:6773: checking for strcspn
configure:6829: gcc -o conftest -g -O2   conftest.c -lm  >&5
conftest.c:71:6: warning: incompatible redeclaration of library function 'strcspn' [-Wincompatible-library-redeclaration]
char strcspn ();
     ^
conftest.c:71:6: note: 'strcspn' is a builtin with type 'unsigned long (const char *, const char *)'
1 warning generated.
configure:6836: $? = 0
configure:6858: result: yes
configure:6773: checking for strrchr
configure:6829: gcc -o conftest -g -O2   conftest.c -lm  >&5
conftest.c:72:6: warning: incompatible redeclaration of library function 'strrchr' [-Wincompatible-library-redeclaration]
char strrchr ();
     ^
conftest.c:72:6: note: 'strrchr' is a builtin with type 'char *(const char *, int)'
1 warning generated.
configure:6836: $? = 0
configure:6858: result: yes
configure:6773: checking for strspn
configure:6829: gcc -o conftest -g -O2   conftest.c -lm  >&5
conftest.c:73:6: warning: incompatible redeclaration of library function 'strspn' [-Wincompatible-library-redeclaration]
char strspn ();
     ^
conftest.c:73:6: note: 'strspn' is a builtin with type 'unsigned long (const char *, const char *)'
1 warning generated.
configure:6836: $? = 0
configure:6858: result: yes
configure:6773: checking for strstr
configure:6829: gcc -o conftest -g -O2   conftest.c -lm  >&5
conftest.c:74:6: warning: incompatible redeclaration of library function 'strstr' [-Wincompatible-library-redeclaration]
char strstr ();
     ^
conftest.c:74:6: note: 'strstr' is a builtin with type 'char *(const char *, const char *)'
1 warning generated.
configure:6836: $? = 0
configure:6858: result: yes
configure:6773: checking for strtol
configure:6829: gcc -o conftest -g -O2   conftest.c -lm  >&5
conftest.c:75:6: warning: incompatible redeclaration of library function 'strtol' [-Wincompatible-library-redeclaration]
char strtol ();
     ^
conftest.c:75:6: note: 'strtol' is a builtin with type 'long (const char *, char **, int)'
1 warning generated.
configure:6836: $? = 0
configure:6858: result: yes
configure:6874: checking for strdup
configure:6930: gcc -o conftest -g -O2   conftest.c -lm  >&5
conftest.c:76:6: warning: incompatible redeclaration of library function 'strdup' [-Wincompatible-library-redeclaration]
char strdup ();
     ^
conftest.c:76:6: note: 'strdup' is a builtin with type 'char *(const char *)'
1 warning generated.
configure:6937: $? = 0
configure:6959: result: yes
configure:6979: checking build system type
configure:6997: result: i386-apple-darwin21.6.0
configure:7019: checking host system type
configure:7034: result: i386-apple-darwin21.6.0
configure:7057: checking whether byte ordering is bigendian
configure:7082: gcc -c -g -O2  conftest.c >&5
configure:7089: $? = 0
configure:7139: gcc -c -g -O2  conftest.c >&5
configure:7146: $? = 0
configure:7178: gcc -c -g -O2  conftest.c >&5
conftest.c:61:4: error: use of undeclared identifier 'not'
                 not big endian
                 ^
1 error generated.
configure:7185: $? = 1
configure: failed program was:
| /* confdefs.h.  */
| #define PACKAGE_NAME "HTS"
| #define PACKAGE_TARNAME "hts"
| #define PACKAGE_VERSION "2.3 alpha"
| #define PACKAGE_STRING "HTS 2.3 alpha"
| #define PACKAGE_BUGREPORT "hts-users@sp.nitech.ac.jp"
| #define HAVE_LIBM 1
| #define STDC_HEADERS 1
| #define HAVE_SYS_TYPES_H 1
| #define HAVE_SYS_STAT_H 1
| #define HAVE_STDLIB_H 1
| #define HAVE_STRING_H 1
| #define HAVE_MEMORY_H 1
| #define HAVE_STRINGS_H 1
| #define HAVE_INTTYPES_H 1
| #define HAVE_STDINT_H 1
| #define HAVE_UNISTD_H 1
| #define HAVE_ERRNO_H 1
| #define HAVE_FCNTL_H 1
| #define HAVE_FLOAT_H 1
| #define HAVE_LIMITS_H 1
| #define HAVE_MEMORY_H 1
| #define HAVE_STDLIB_H 1
| #define HAVE_STRING_H 1
| #define HAVE_SYS_IOCTL_H 1
| #define HAVE_SYS_SOCKET_H 1
| #define HAVE_SYS_TIME_H 1
| #define HAVE_UNISTD_H 1
| #define TIME_WITH_SYS_TIME 1
| #define HAVE_STDLIB_H 1
| #define HAVE_MALLOC 1
| #define HAVE_STDLIB_H 1
| #define HAVE_REALLOC 1
| #define RETSIGTYPE void
| #define HAVE_VPRINTF 1
| #define HAVE__BOOL 1
| #define HAVE_STDBOOL_H 1
| #define HAVE_FLOOR 1
| #define HAVE_GETTIMEOFDAY 1
| #define HAVE_MEMMOVE 1
| #define HAVE_MEMSET 1
| #define HAVE_MODF 1
| #define HAVE_POW 1
| #define HAVE_SOCKET 1
| #define HAVE_SQRT 1
| #define HAVE_STRCHR 1
| #define HAVE_STRCSPN 1
| #define HAVE_STRRCHR 1
| #define HAVE_STRSPN 1
| #define HAVE_STRSTR 1
| #define HAVE_STRTOL 1
| #define HAVE_STRDUP 1
| /* end confdefs.h.  */
| #include <sys/types.h>
| 		#include <sys/param.h>
| 
| int
| main ()
| {
| #if BYTE_ORDER != BIG_ENDIAN
| 		 not big endian
| 		#endif
| 
|   ;
|   return 0;
| }
configure:7437: result: no
configure:7466: checking size of int *
configure:7771: gcc -o conftest -g -O2   conftest.c -lm  >&5
configure:7775: $? = 0
configure:7781: ./conftest
configure:7785: $? = 0
configure:7811: result: 8
configure:8157: creating ./config.status

## ---------------------- ##
## Running config.status. ##
## ---------------------- ##

This file was extended by HTS config.status 2.3 alpha, which was
generated by GNU Autoconf 2.63.  Invocation command line was

  CONFIG_FILES    = 
  CONFIG_HEADERS  = 
  CONFIG_LINKS    = 
  CONFIG_COMMANDS = 
  $ ./config.status 

on Labguests-iMac-2.local

config.status:800: creating HTKLib/Makefile
config.status:947: WARNING:  'HTKLib/Makefile.in' seems to ignore the --datarootdir setting
config.status:800: creating HTKTools/Makefile
config.status:947: WARNING:  'HTKTools/Makefile.in' seems to ignore the --datarootdir setting
config.status:800: creating HLMLib/Makefile
config.status:947: WARNING:  'HLMLib/Makefile.in' seems to ignore the --datarootdir setting
config.status:800: creating HLMTools/Makefile
config.status:947: WARNING:  'HLMTools/Makefile.in' seems to ignore the --datarootdir setting
config.status:800: creating HTKLVRec/Makefile
config.status:947: WARNING:  'HTKLVRec/Makefile.in' seems to ignore the --datarootdir setting
config.status:800: creating Makefile
config.status:947: WARNING:  'Makefile.in' seems to ignore the --datarootdir setting

## ---------------- ##
## Cache variables. ##
## ---------------- ##

ac_cv_build=i386-apple-darwin21.6.0
ac_cv_c_bigendian=no
ac_cv_c_compiler_gnu=yes
ac_cv_c_const=yes
ac_cv_c_volatile=yes
ac_cv_env_CC_set=
ac_cv_env_CC_value=
ac_cv_env_CFLAGS_set=
ac_cv_env_CFLAGS_value=
ac_cv_env_CPPFLAGS_set=
ac_cv_env_CPPFLAGS_value=
ac_cv_env_CPP_set=
ac_cv_env_CPP_value=
ac_cv_env_F77_set=
ac_cv_env_F77_value=
ac_cv_env_FFLAGS_set=
ac_cv_env_FFLAGS_value=
ac_cv_env_LDFLAGS_set=
ac_cv_env_LDFLAGS_value=
ac_cv_env_LIBS_set=
ac_cv_env_LIBS_value=
ac_cv_env_MAXFNAMELEN_set=
ac_cv_env_MAXFNAMELEN_value=
ac_cv_env_MAXSTRLEN_set=
ac_cv_env_MAXSTRLEN_value=
ac_cv_env_PAT_LEN_set=
ac_cv_env_PAT_LEN_value=
ac_cv_env_SMAX_set=
ac_cv_env_SMAX_value=
ac_cv_env_XMKMF_set=
ac_cv_env_XMKMF_value=
ac_cv_env_build_alias_set=
ac_cv_env_build_alias_value=
ac_cv_env_host_alias_set=
ac_cv_env_host_alias_value=
ac_cv_env_target_alias_set=
ac_cv_env_target_alias_value=
ac_cv_f77_compiler_gnu=no
ac_cv_func__doprnt=no
ac_cv_func_floor=yes
ac_cv_func_gettimeofday=yes
ac_cv_func_malloc_0_nonnull=yes
ac_cv_func_memcmp_working=yes
ac_cv_func_memmove=yes
ac_cv_func_memset=yes
ac_cv_func_modf=yes
ac_cv_func_pow=yes
ac_cv_func_realloc_0_nonnull=yes
ac_cv_func_socket=yes
ac_cv_func_sqrt=yes
ac_cv_func_strchr=yes
ac_cv_func_strcspn=yes
ac_cv_func_strdup=yes
ac_cv_func_strrchr=yes
ac_cv_func_strspn=yes
ac_cv_func_strstr=yes
ac_cv_func_strtod=yes
ac_cv_func_strtol=yes
ac_cv_func_vprintf=yes
ac_cv_have_x=have_x=no
ac_cv_header_errno_h=yes
ac_cv_header_fcntl_h=yes
ac_cv_header_float_h=yes
ac_cv_header_inttypes_h=yes
ac_cv_header_limits_h=yes
ac_cv_header_malloc_h=no
ac_cv_header_memory_h=yes
ac_cv_header_stdbool_h=yes
ac_cv_header_stdc=yes
ac_cv_header_stdint_h=yes
ac_cv_header_stdlib_h=yes
ac_cv_header_string_h=yes
ac_cv_header_strings_h=yes
ac_cv_header_sys_ioctl_h=yes
ac_cv_header_sys_socket_h=yes
ac_cv_header_sys_stat_h=yes
ac_cv_header_sys_time_h=yes
ac_cv_header_sys_types_h=yes
ac_cv_header_time=yes
ac_cv_header_unistd_h=yes
ac_cv_host=i386-apple-darwin21.6.0
ac_cv_lib_X11_main=no
ac_cv_lib_m_main=yes
ac_cv_objext=o
ac_cv_path_EGREP='/usr/bin/grep -E'
ac_cv_path_GREP=/usr/bin/grep
ac_cv_path_install='/usr/local/bin/ginstall -c'
ac_cv_prog_AWK=gawk
ac_cv_prog_CPP='gcc -E'
ac_cv_prog_ac_ct_AR=ar
ac_cv_prog_ac_ct_CC=gcc
ac_cv_prog_ac_ct_RANLIB=ranlib
ac_cv_prog_cc_c89=
ac_cv_prog_cc_g=yes
ac_cv_prog_f77_g=no
ac_cv_prog_gcc_traditional=no
ac_cv_prog_make_make_set=yes
ac_cv_sizeof_int_p=8
ac_cv_struct_tm=time.h
ac_cv_type__Bool=yes
ac_cv_type_signal=void
ac_cv_type_size_t=yes

## ----------------- ##
## Output variables. ##
## ----------------- ##

AR='ar'
AWK='gawk'
BINARY_EXTENSION=''
CC='gcc'
CFLAGS='-ansi -g -O2 -DNO_AUDIO -D'\''ARCH="darwin"'\'' -I/usr/include/malloc -Wall -Wno-switch -g -O2'
CPP='gcc -E'
CPPFLAGS=''
DEFS='-DHAVE_CONFIG_H'
ECHO_C='\c'
ECHO_N=''
ECHO_T=''
EGREP='/usr/bin/grep -E'
EXEEXT=''
F77=''
FFLAGS='-gdwarf-2 -O2 '
FLIBS=''
GREP='/usr/bin/grep'
HGRAF='HGraf.o'
HSLAB='HSLab'
INSTALL_DATA='${INSTALL} -m 644'
INSTALL_PROGRAM='${INSTALL}'
INSTALL_SCRIPT='${INSTALL}'
LBFGS=''
LDFLAGS='-L/usr/X11R6/lib '
LIBLV=''
LIBOBJS=''
LIBS='-lm '
LN_S='ln -s'
LTLIBOBJS=''
MAXFNAMELEN=''
MAXSTRLEN=''
OBJEXT='o'
PACKAGE_BUGREPORT='hts-users@sp.nitech.ac.jp'
PACKAGE_NAME='HTS'
PACKAGE_STRING='HTS 2.3 alpha'
PACKAGE_TARNAME='hts'
PACKAGE_VERSION='2.3 alpha'
PATH_SEPARATOR=':'
PAT_LEN=''
POW_LIB=''
RANLIB='ranlib'
SET_MAKE=''
SHELL='/bin/sh'
SMAX=''
TRADHTK=''
TRADHTKBIN='i386-apple-darwin21.6.0'
XMKMF=''
ac_ct_CC='gcc'
ac_ct_F77=''
bindir='${exec_prefix}/bin'
build='i386-apple-darwin21.6.0'
build_alias=''
build_cpu='i386'
build_os='darwin21.6.0'
build_vendor='apple'
datadir='${datarootdir}'
datarootdir='${prefix}/share'
docdir='${datarootdir}/doc/${PACKAGE_TARNAME}'
dvidir='${docdir}'
exec_prefix='${prefix}'
host='i386-apple-darwin21.6.0'
host_alias=''
host_cpu='i386'
host_os='darwin21.6.0'
host_vendor='apple'
htmldir='${docdir}'
includedir='${prefix}/include'
infodir='${datarootdir}/info'
libdir='${exec_prefix}/lib'
libexecdir='${exec_prefix}/libexec'
localedir='${datarootdir}/locale'
localstatedir='${prefix}/var'
make_all='htktools'
make_install='install-htktools'
mandir='${datarootdir}/man'
oldincludedir='/usr/include'
pdfdir='${docdir}'
prefix='/Volumes/Storage/.workspace/merlin/tools/htk/build'
program_transform_name='s,x,x,'
psdir='${docdir}'
sbindir='${exec_prefix}/sbin'
sharedstatedir='${prefix}/com'
sysconfdir='${prefix}/etc'
target_alias=''

## ----------- ##
## confdefs.h. ##
## ----------- ##

#define PACKAGE_NAME "HTS"
#define PACKAGE_TARNAME "hts"
#define PACKAGE_VERSION "2.3 alpha"
#define PACKAGE_STRING "HTS 2.3 alpha"
#define PACKAGE_BUGREPORT "hts-users@sp.nitech.ac.jp"
#define HAVE_LIBM 1
#define STDC_HEADERS 1
#define HAVE_SYS_TYPES_H 1
#define HAVE_SYS_STAT_H 1
#define HAVE_STDLIB_H 1
#define HAVE_STRING_H 1
#define HAVE_MEMORY_H 1
#define HAVE_STRINGS_H 1
#define HAVE_INTTYPES_H 1
#define HAVE_STDINT_H 1
#define HAVE_UNISTD_H 1
#define HAVE_ERRNO_H 1
#define HAVE_FCNTL_H 1
#define HAVE_FLOAT_H 1
#define HAVE_LIMITS_H 1
#define HAVE_MEMORY_H 1
#define HAVE_STDLIB_H 1
#define HAVE_STRING_H 1
#define HAVE_SYS_IOCTL_H 1
#define HAVE_SYS_SOCKET_H 1
#define HAVE_SYS_TIME_H 1
#define HAVE_UNISTD_H 1
#define TIME_WITH_SYS_TIME 1
#define HAVE_STDLIB_H 1
#define HAVE_MALLOC 1
#define HAVE_STDLIB_H 1
#define HAVE_REALLOC 1
#define RETSIGTYPE void
#define HAVE_VPRINTF 1
#define HAVE__BOOL 1
#define HAVE_STDBOOL_H 1
#define HAVE_FLOOR 1
#define HAVE_GETTIMEOFDAY 1
#define HAVE_MEMMOVE 1
#define HAVE_MEMSET 1
#define HAVE_MODF 1
#define HAVE_POW 1
#define HAVE_SOCKET 1
#define HAVE_SQRT 1
#define HAVE_STRCHR 1
#define HAVE_STRCSPN 1
#define HAVE_STRRCHR 1
#define HAVE_STRSPN 1
#define HAVE_STRSTR 1
#define HAVE_STRTOL 1
#define HAVE_STRDUP 1
#define SIZEOF_INT_P 8

configure: exit 0
